0 info it worked if it ends with ok
1 verbose cli [ '/Users/glenn/.nvm/versions/node/v6.11.0/bin/node',
1 verbose cli   '/Users/glenn/.nvm/versions/node/v6.11.0/bin/npm',
1 verbose cli   'run',
1 verbose cli   'develop' ]
2 info using npm@3.10.10
3 info using node@v6.11.0
4 verbose run-script [ 'predevelop', 'develop', 'postdevelop' ]
5 info lifecycle gatsby-starter-hello-world@~predevelop: gatsby-starter-hello-world@
6 silly lifecycle gatsby-starter-hello-world@~predevelop: no script for predevelop, continuing
7 info lifecycle gatsby-starter-hello-world@~develop: gatsby-starter-hello-world@
8 verbose lifecycle gatsby-starter-hello-world@~develop: unsafe-perm in lifecycle true
9 verbose lifecycle gatsby-starter-hello-world@~develop: PATH: /Users/glenn/.nvm/versions/node/v6.11.0/lib/node_modules/npm/bin/node-gyp-bin:/Users/glenn/brestJS/brestjs/node_modules/.bin:/Users/glenn/.nvm/versions/node/v6.11.0/bin:/usr/bin:/bin:/usr/sbin:/sbin:/usr/local/bin:/Users/glenn/.fastlane/bin
10 verbose lifecycle gatsby-starter-hello-world@~develop: CWD: /Users/glenn/brestJS/brestjs
11 silly lifecycle gatsby-starter-hello-world@~develop: Args: [ '-c', 'gatsby develop' ]
12 silly lifecycle gatsby-starter-hello-world@~develop: Returned: code: 1  signal: null
13 info lifecycle gatsby-starter-hello-world@~develop: Failed to exec develop script
14 verbose stack Error: gatsby-starter-hello-world@ develop: `gatsby develop`
14 verbose stack Exit status 1
14 verbose stack     at EventEmitter.<anonymous> (/Users/glenn/.nvm/versions/node/v6.11.0/lib/node_modules/npm/lib/utils/lifecycle.js:255:16)
14 verbose stack     at emitTwo (events.js:106:13)
14 verbose stack     at EventEmitter.emit (events.js:191:7)
14 verbose stack     at ChildProcess.<anonymous> (/Users/glenn/.nvm/versions/node/v6.11.0/lib/node_modules/npm/lib/utils/spawn.js:40:14)
14 verbose stack     at emitTwo (events.js:106:13)
14 verbose stack     at ChildProcess.emit (events.js:191:7)
14 verbose stack     at maybeClose (internal/child_process.js:891:16)
14 verbose stack     at Process.ChildProcess._handle.onexit (internal/child_process.js:226:5)
15 verbose pkgid gatsby-starter-hello-world@
16 verbose cwd /Users/glenn/brestJS/brestjs
17 error Darwin 16.7.0
18 error argv "/Users/glenn/.nvm/versions/node/v6.11.0/bin/node" "/Users/glenn/.nvm/versions/node/v6.11.0/bin/npm" "run" "develop"
19 error node v6.11.0
20 error npm  v3.10.10
21 error code ELIFECYCLE
22 error gatsby-starter-hello-world@ develop: `gatsby develop`
22 error Exit status 1
23 error Failed at the gatsby-starter-hello-world@ develop script 'gatsby develop'.
23 error Make sure you have the latest version of node.js and npm installed.
23 error If you do, this is most likely a problem with the gatsby-starter-hello-world package,
23 error not with npm itself.
23 error Tell the author that this fails on your system:
23 error     gatsby develop
23 error You can get information on how to open an issue for this project with:
23 error     npm bugs gatsby-starter-hello-world
23 error Or if that isn't available, you can get their info via:
23 error     npm owner ls gatsby-starter-hello-world
23 error There is likely additional logging output above.
24 verbose exit [ 1, true ]
